<?xml version="1.0" encoding="UTF-8"?>
<testng-results ignored="0" total="1" passed="1" failed="0" skipped="0">
  <reporter-output>
  </reporter-output>
  <suite started-at="2025-04-18T11:59:21 IST" name="Default suite" finished-at="2025-04-18T11:59:25 IST" duration-ms="3954">
    <groups>
    </groups>
    <test started-at="2025-04-18T11:59:21 IST" name="Default test" finished-at="2025-04-18T11:59:25 IST" duration-ms="3954">
      <class name="HEllo">
        <test-method signature="helll()[pri:0, instance:HEllo@659499f1]" started-at="2025-04-18T11:59:21 IST" name="helll" finished-at="2025-04-18T11:59:25 IST" duration-ms="3885" status="PASS">
          <reporter-output>
          </reporter-output>
        </test-method> <!-- helll -->
      </class> <!-- HEllo -->
    </test> <!-- Default test -->
  </suite> <!-- Default suite -->
</testng-results>
